<?xml version="1.0" encoding="UTF-8"?>
<testng-results skipped="0" failed="0" ignored="0" total="1" passed="1">
  <reporter-output>
  </reporter-output>
  <suite name="Default suite" duration-ms="54674" started-at="2019-12-17T09:32:12Z" finished-at="2019-12-17T09:33:06Z">
    <groups>
    </groups>
    <test name="Default test" duration-ms="54674" started-at="2019-12-17T09:32:12Z" finished-at="2019-12-17T09:33:06Z">
      <class name="wedriver.sce1">
        <test-method status="PASS" signature="beforeTest()[pri:0, instance:wedriver.sce1@5b275dab]" name="beforeTest" is-config="true" duration-ms="26968" started-at="2019-12-17T09:32:12Z" finished-at="2019-12-17T09:32:39Z">
          <reporter-output>
          </reporter-output>
        </test-method> <!-- beforeTest -->
        <test-method status="PASS" signature="f()[pri:0, instance:wedriver.sce1@5b275dab]" name="f" duration-ms="26794" started-at="2019-12-17T09:32:39Z" finished-at="2019-12-17T09:33:05Z">
          <reporter-output>
          </reporter-output>
        </test-method> <!-- f -->
        <test-method status="PASS" signature="afterTest()[pri:0, instance:wedriver.sce1@5b275dab]" name="afterTest" is-config="true" duration-ms="873" started-at="2019-12-17T09:33:05Z" finished-at="2019-12-17T09:33:06Z">
          <reporter-output>
          </reporter-output>
        </test-method> <!-- afterTest -->
      </class> <!-- wedriver.sce1 -->
    </test> <!-- Default test -->
  </suite> <!-- Default suite -->
</testng-results>
